======================================================================
Traceback (most recent call last):
  File "C:\Users\ekapr\Documents\GitHub\api-collector\api-collector\collectors\g2b\collect_all.py", line 337, in <module>
    collect_with_resume()
  File "C:\Users\ekapr\Documents\GitHub\api-collector\api-collector\collectors\g2b\collect_all.py", line 176, in collect_with_resume
    print("\U0001f680 계약 데이터 수집 (자동 재개)")
UnicodeEncodeError: 'cp949' codec can't encode character '\U0001f680' in position 0: illegal multibyte sequence

During handling of the above exception, another exception occurred:

Traceback (most recent call last):
  File "C:\Users\ekapr\Documents\GitHub\api-collector\api-collector\collectors\g2b\collect_all.py", line 342, in <module>
    print(f"\n\U0001f4a5 오류 발생: {e}")
UnicodeEncodeError: 'cp949' codec can't encode character '\U0001f4a5' in position 2: illegal multibyte sequence
